0 info it worked if it ends with ok
1 verbose cli [ '/usr/local/bin/node', '/usr/local/bin/npm', 'run', 'tsdev' ]
2 info using npm@3.3.12
3 info using node@v5.4.0
4 verbose run-script [ 'pretsdev', 'tsdev', 'posttsdev' ]
5 info lifecycle monkeyface@1.0.0~pretsdev: monkeyface@1.0.0
6 silly lifecycle monkeyface@1.0.0~pretsdev: no script for pretsdev, continuing
7 info lifecycle monkeyface@1.0.0~tsdev: monkeyface@1.0.0
8 verbose lifecycle monkeyface@1.0.0~tsdev: unsafe-perm in lifecycle true
9 verbose lifecycle monkeyface@1.0.0~tsdev: PATH: /usr/local/lib/node_modules/npm/bin/node-gyp-bin:/home/bryce/_repos/monkeyface/node_modules/.bin:/usr/local/heroku/bin:/usr/local/heroku/bin:/usr/local/sbin:/usr/local/bin:/usr/sbin:/usr/bin:/sbin:/bin:/usr/games:/usr/local/games:/bin:/home/bryce/.go/bin:/home/bryce/.rvm/bin:/home/bryce/.rvm/bin:/bin:/home/bryce/.go/bin:/home/bryce/.rvm/bin
10 verbose lifecycle monkeyface@1.0.0~tsdev: CWD: /home/bryce/_repos/monkeyface
11 silly lifecycle monkeyface@1.0.0~tsdev: Args: [ '-c', 'tsc -w --module \'commonjs\' --target \'es5\'' ]
12 silly lifecycle monkeyface@1.0.0~tsdev: Returned: code: 1  signal: null
13 info lifecycle monkeyface@1.0.0~tsdev: Failed to exec tsdev script
14 verbose stack Error: monkeyface@1.0.0 tsdev: `tsc -w --module 'commonjs' --target 'es5'`
14 verbose stack Exit status 1
14 verbose stack     at EventEmitter.<anonymous> (/usr/local/lib/node_modules/npm/lib/utils/lifecycle.js:232:16)
14 verbose stack     at emitTwo (events.js:87:13)
14 verbose stack     at EventEmitter.emit (events.js:172:7)
14 verbose stack     at ChildProcess.<anonymous> (/usr/local/lib/node_modules/npm/lib/utils/spawn.js:24:14)
14 verbose stack     at emitTwo (events.js:87:13)
14 verbose stack     at ChildProcess.emit (events.js:172:7)
14 verbose stack     at maybeClose (internal/child_process.js:821:16)
14 verbose stack     at Process.ChildProcess._handle.onexit (internal/child_process.js:211:5)
15 verbose pkgid monkeyface@1.0.0
16 verbose cwd /home/bryce/_repos/monkeyface
17 error Linux 3.13.0-77-generic
18 error argv "/usr/local/bin/node" "/usr/local/bin/npm" "run" "tsdev"
19 error node v5.4.0
20 error npm  v3.3.12
21 error code ELIFECYCLE
22 error monkeyface@1.0.0 tsdev: `tsc -w --module 'commonjs' --target 'es5'`
22 error Exit status 1
23 error Failed at the monkeyface@1.0.0 tsdev script 'tsc -w --module 'commonjs' --target 'es5''.
23 error Make sure you have the latest version of node.js and npm installed.
23 error If you do, this is most likely a problem with the monkeyface package,
23 error not with npm itself.
23 error Tell the author that this fails on your system:
23 error     tsc -w --module 'commonjs' --target 'es5'
23 error You can get their info via:
23 error     npm owner ls monkeyface
23 error There is likely additional logging output above.
24 verbose exit [ 1, true ]
